<?xml version="1.0" encoding="UTF-8"?>
<!-- Generated by org.testng.reporters.JUnitReportReporter -->
<testsuite hostname="DESKTOP-J7VGB0L" failures="0" tests="1" name="campaigns.CreateCampaignsTest" time="42.000" errors="0" timestamp="2025-04-21T20:36:58 IST" skipped="0">
  <testcase classname="campaigns.CreateCampaignsTest" name="createCampaignsTest" time="42.000"/>
</testsuite> <!-- campaigns.CreateCampaignsTest -->
